# JRE version: Java(TM) SE Runtime Environment (21.0.8+12) (build 21.0.8+12-LTS-250)
# Java VM: Java HotSpot(TM) 64-Bit Server VM (21.0.8+12-LTS-250, mixed mode, emulated-client, sharing, tiered, compressed oops, compressed class ptrs, g1 gc, windows-amd64)
GC Precious Log:
 CardTable entry size: 512
 Card Set container configuration: InlinePtr #cards 4 size 8 Array Of Cards #cards 16 size 48 Howl #buckets 8 coarsen threshold 3686 Howl Bitmap #cards 512 size 80 coarsen threshold 460 Card regions per heap region 1 cards per card region 4096
 CPUs: 16 total, 16 available
 Memory: 16237M
 Large Page Support: Disabled
 NUMA Support: Disabled
 Compressed Oops: Enabled (Zero based)
 Heap Region Size: 2M
 Heap Min Capacity: 8M
 Heap Initial Capacity: 254M
 Heap Max Capacity: 4060M
 Pre-touch: Disabled
 Parallel Workers: 13
 Concurrent Workers: 3
 Concurrent Refinement Workers: 13
 Periodic GC: Disabled
Heap:
 garbage-first heap   total 90112K, used 66347K [0x0000000702400000, 0x0000000800000000)
  region size 2048K, 18 young (36864K), 2 survivors (4096K)
 Metaspace       used 80392K, committed 81280K, reserved 1179648K
  class space    used 11199K, committed 11584K, reserved 1048576K
GC Heap History (20 events):
Event: 8475.464 GC heap before
{Heap before GC invocations=35 (full 0):
 garbage-first heap   total 92160K, used 79003K [0x0000000702400000, 0x0000000800000000)
  region size 2048K, 26 young (53248K), 2 survivors (4096K)
 Metaspace       used 78774K, committed 79360K, reserved 1179648K
  class space    used 10984K, committed 11264K, reserved 1048576K
}
Event: 8475.472 GC heap after
{Heap after GC invocations=36 (full 0):
 garbage-first heap   total 92160K, used 32211K [0x0000000702400000, 0x0000000800000000)
  region size 2048K, 2 young (4096K), 2 survivors (4096K)
 Metaspace       used 78774K, committed 79360K, reserved 1179648K
  class space    used 10984K, committed 11264K, reserved 1048576K
}
Event: 8637.462 GC heap before
{Heap before GC invocations=36 (full 0):
 garbage-first heap   total 92160K, used 40403K [0x0000000702400000, 0x0000000800000000)
  region size 2048K, 7 young (14336K), 2 survivors (4096K)
 Metaspace       used 78914K, committed 79552K, reserved 1179648K
  class space    used 11017K, committed 11328K, reserved 1048576K
}
Event: 8637.509 GC heap after
{Heap after GC invocations=37 (full 1):
 garbage-first heap   total 90112K, used 24811K [0x0000000702400000, 0x0000000800000000)
  region size 2048K, 0 young (0K), 0 survivors (0K)
 Metaspace       used 78786K, committed 79552K, reserved 1179648K
  class space    used 10987K, committed 11328K, reserved 1048576K
}
Event: 8638.289 GC heap before
{Heap before GC invocations=37 (full 1):
 garbage-first heap   total 90112K, used 76011K [0x0000000702400000, 0x0000000800000000)
  region size 2048K, 26 young (53248K), 0 survivors (0K)
 Metaspace       used 79070K, committed 79680K, reserved 1179648K
  class space    used 11047K, committed 11328K, reserved 1048576K
}
Event: 8638.293 GC heap after
{Heap after GC invocations=38 (full 1):
 garbage-first heap   total 90112K, used 30955K [0x0000000702400000, 0x0000000800000000)
  region size 2048K, 3 young (6144K), 3 survivors (6144K)
 Metaspace       used 79070K, committed 79680K, reserved 1179648K
  class space    used 11047K, committed 11328K, reserved 1048576K
}
Event: 8640.985 GC heap before
{Heap before GC invocations=39 (full 1):
 garbage-first heap   total 90112K, used 63723K [0x0000000702400000, 0x0000000800000000)
  region size 2048K, 20 young (40960K), 3 survivors (6144K)
 Metaspace       used 79405K, committed 80064K, reserved 1179648K
  class space    used 11081K, committed 11392K, reserved 1048576K
}
Event: 8641.017 GC heap after
{Heap after GC invocations=40 (full 2):
 garbage-first heap   total 90112K, used 28501K [0x0000000702400000, 0x0000000800000000)
  region size 2048K, 0 young (0K), 0 survivors (0K)
 Metaspace       used 79297K, committed 80064K, reserved 1179648K
  class space    used 11060K, committed 11392K, reserved 1048576K
}
Event: 8641.521 GC heap before
{Heap before GC invocations=40 (full 2):
 garbage-first heap   total 90112K, used 75605K [0x0000000702400000, 0x0000000800000000)
  region size 2048K, 24 young (49152K), 0 survivors (0K)
 Metaspace       used 79447K, committed 80128K, reserved 1179648K
  class space    used 11087K, committed 11392K, reserved 1048576K
}
Event: 8641.524 GC heap after
{Heap after GC invocations=41 (full 2):
 garbage-first heap   total 90112K, used 33426K [0x0000000702400000, 0x0000000800000000)
  region size 2048K, 3 young (6144K), 3 survivors (6144K)
 Metaspace       used 79447K, committed 80128K, reserved 1179648K
  class space    used 11087K, committed 11392K, reserved 1048576K
}
Event: 8660.902 GC heap before
{Heap before GC invocations=42 (full 2):
 garbage-first heap   total 90112K, used 64146K [0x0000000702400000, 0x0000000800000000)
  region size 2048K, 19 young (38912K), 3 survivors (6144K)
 Metaspace       used 79704K, committed 80384K, reserved 1179648K
  class space    used 11106K, committed 11392K, reserved 1048576K
}
Event: 8660.930 GC heap after
{Heap after GC invocations=43 (full 3):
 garbage-first heap   total 90112K, used 28904K [0x0000000702400000, 0x0000000800000000)
  region size 2048K, 0 young (0K), 0 survivors (0K)
 Metaspace       used 79685K, committed 80384K, reserved 1179648K
  class space    used 11105K, committed 11392K, reserved 1048576K
}
Event: 8666.734 GC heap before
{Heap before GC invocations=43 (full 3):
 garbage-first heap   total 90112K, used 71912K [0x0000000702400000, 0x0000000800000000)
  region size 2048K, 22 young (45056K), 0 survivors (0K)
 Metaspace       used 80047K, committed 80704K, reserved 1179648K
  class space    used 11178K, committed 11456K, reserved 1048576K
}
Event: 8666.736 GC heap after
{Heap after GC invocations=44 (full 3):
 garbage-first heap   total 90112K, used 32129K [0x0000000702400000, 0x0000000800000000)
  region size 2048K, 2 young (4096K), 2 survivors (4096K)
 Metaspace       used 80047K, committed 80704K, reserved 1179648K
  class space    used 11178K, committed 11456K, reserved 1048576K
}
Event: 8676.630 GC heap before
{Heap before GC invocations=45 (full 3):
 garbage-first heap   total 90112K, used 73089K [0x0000000702400000, 0x0000000800000000)
  region size 2048K, 22 young (45056K), 2 survivors (4096K)
 Metaspace       used 80159K, committed 80896K, reserved 1179648K
  class space    used 11195K, committed 11520K, reserved 1048576K
}
Event: 8676.633 GC heap after
{Heap after GC invocations=46 (full 3):
 garbage-first heap   total 90112K, used 32829K [0x0000000702400000, 0x0000000800000000)
  region size 2048K, 2 young (4096K), 2 survivors (4096K)
 Metaspace       used 80159K, committed 80896K, reserved 1179648K
  class space    used 11195K, committed 11520K, reserved 1048576K
}
Event: 8719.157 GC heap before
{Heap before GC invocations=46 (full 3):
 garbage-first heap   total 90112K, used 73789K [0x0000000702400000, 0x0000000800000000)
  region size 2048K, 22 young (45056K), 2 survivors (4096K)
 Metaspace       used 80400K, committed 81088K, reserved 1179648K
  class space    used 11223K, committed 11520K, reserved 1048576K
}
Event: 8719.160 GC heap after
{Heap after GC invocations=47 (full 3):
 garbage-first heap   total 90112K, used 35821K [0x0000000702400000, 0x0000000800000000)
  region size 2048K, 2 young (4096K), 2 survivors (4096K)
 Metaspace       used 80400K, committed 81088K, reserved 1179648K
  class space    used 11223K, committed 11520K, reserved 1048576K
}
Event: 8730.044 GC heap before
{Heap before GC invocations=47 (full 3):
 garbage-first heap   total 90112K, used 72685K [0x0000000702400000, 0x0000000800000000)
  region size 2048K, 21 young (43008K), 2 survivors (4096K)
 Metaspace       used 80526K, committed 81280K, reserved 1179648K
  class space    used 11243K, committed 11584K, reserved 1048576K
}
Event: 8730.046 GC heap after
{Heap after GC invocations=48 (full 3):
 garbage-first heap   total 90112K, used 35627K [0x0000000702400000, 0x0000000800000000)
  region size 2048K, 2 young (4096K), 2 survivors (4096K)
 Metaspace       used 80526K, committed 81280K, reserved 1179648K
  class space    used 11243K, committed 11584K, reserved 1048576K
}

